SRT4/app/build/intermediates/manifest_merge_blame_file/debug/manifest-merger-blame-debug-report.txt
1<?xml version="1.0" encoding="utf-8"?>
2<manifest xmlns:android="http://schemas.android.com/apk/res/android"
3    package="com.example.srt4"
4    android:versionCode="1"
5    android:versionName="1.0" >
6
7    <uses-sdk
8        android:minSdkVersion="23"
8-->src\main\AndroidManifest.xml
9        android:targetSdkVersion="31" />
9-->src\main\AndroidManifest.xml
10
11    <application
11-->src\main\AndroidManifest.xml:5:5-26:19
12        android:allowBackup="true"
12-->src\main\AndroidManifest.xml:6:9-35
13        android:appComponentFactory="androidx.core.app.CoreComponentFactory"
13-->[androidx.core:core:1.7.0] AndroidManifest.xml:24:18-86
14        android:debuggable="true"
15        android:extractNativeLibs="false"
16        android:icon="@mipmap/ic_launcher"
16-->src\main\AndroidManifest.xml:7:9-43
17        android:label="@string/app_name"
17-->src\main\AndroidManifest.xml:8:9-41
18        android:roundIcon="@mipmap/ic_launcher_round"
18-->src\main\AndroidManifest.xml:9:9-54
19        android:supportsRtl="true"
19-->src\main\AndroidManifest.xml:10:9-35
20        android:testOnly="true"
21        android:theme="@style/Theme.AppCompat.Light.NoActionBar" >
21-->src\main\AndroidManifest.xml:11:9-65
22        <activity
22-->src\main\AndroidManifest.xml:12:9-20:20
23            android:name="com.example.srt4.MainActivity"
23-->src\main\AndroidManifest.xml:13:13-41
24            android:exported="true" >
24-->src\main\AndroidManifest.xml:14:13-36
25            <intent-filter>
25-->src\main\AndroidManifest.xml:15:13-19:29
26                <action android:name="android.intent.action.MAIN" />
26-->src\main\AndroidManifest.xml:16:17-69
26-->src\main\AndroidManifest.xml:16:25-66
27
28                <category android:name="android.intent.category.LAUNCHER" />
28-->src\main\AndroidManifest.xml:18:17-77
28-->src\main\AndroidManifest.xml:18:27-74
29            </intent-filter>
30        </activity>
31        <activity
31-->src\main\AndroidManifest.xml:22:9-25:20
32            android:name="com.example.srt4.SecondActivity"
32-->src\main\AndroidManifest.xml:23:13-43
33            android:label="Second 액티비티" >
33-->src\main\AndroidManifest.xml:24:13-40
34        </activity>
35
36        <provider
36-->[androidx.emoji2:emoji2:1.0.0] AndroidManifest.xml:26:9-34:20
37            android:name="androidx.startup.InitializationProvider"
37-->[androidx.emoji2:emoji2:1.0.0] AndroidManifest.xml:27:13-67
38            android:authorities="com.example.srt4.androidx-startup"
38-->[androidx.emoji2:emoji2:1.0.0] AndroidManifest.xml:28:13-68
39            android:exported="false" >
39-->[androidx.emoji2:emoji2:1.0.0] AndroidManifest.xml:29:13-37
40            <meta-data
40-->[androidx.emoji2:emoji2:1.0.0] AndroidManifest.xml:31:13-33:52
41                android:name="androidx.emoji2.text.EmojiCompatInitializer"
41-->[androidx.emoji2:emoji2:1.0.0] AndroidManifest.xml:32:17-75
42                android:value="androidx.startup" />
42-->[androidx.emoji2:emoji2:1.0.0] AndroidManifest.xml:33:17-49
43            <meta-data
43-->[androidx.lifecycle:lifecycle-process:2.4.0] AndroidManifest.xml:31:13-33:52
44                android:name="androidx.lifecycle.ProcessLifecycleInitializer"
44-->[androidx.lifecycle:lifecycle-process:2.4.0] AndroidManifest.xml:32:17-78
45                android:value="androidx.startup" />
45-->[androidx.lifecycle:lifecycle-process:2.4.0] AndroidManifest.xml:33:17-49
46        </provider>
47    </application>
48
49</manifest>